kotlin version: 2.0.0
error message: java.lang.NoClassDefFoundError: Could not initialize class org.jetbrains.kotlin.analyzer.common.CommonPlatformAnalyzerServices
	at org.jetbrains.kotlin.fir.session.FirSessionFactoryHelper.registerDefaultComponents(FirSessionFactoryHelper.kt:144)
	at org.jetbrains.kotlin.fir.session.FirJvmSessionFactory.createLibrarySession$lambda$0(FirJvmSessionFactory.kt:55)
	at org.jetbrains.kotlin.fir.session.FirAbstractSessionFactory.createLibrarySession(FirAbstractSessionFactory.kt:50)
	at org.jetbrains.kotlin.fir.session.FirJvmSessionFactory.createLibrarySession(FirJvmSessionFactory.kt:48)
	at org.jetbrains.kotlin.cli.common.FirSessionConstructionUtilsKt.prepareJvmSessions(FirSessionConstructionUtils.kt:73)
	at org.jetbrains.kotlin.cli.jvm.compiler.pipeline.JvmCompilerPipelineKt.compileModuleToAnalyzedFir(jvmCompilerPipeline.kt:293)
	at org.jetbrains.kotlin.cli.jvm.compiler.pipeline.JvmCompilerPipelineKt.compileModulesUsingFrontendIrAndLightTree(jvmCompilerPipeline.kt:116)
	at org.jetbrains.kotlin.cli.jvm.K2JVMCompiler.doExecute(K2JVMCompiler.kt:155)
	at org.jetbrains.kotlin.cli.jvm.K2JVMCompiler.doExecute(K2JVMCompiler.kt:50)
	at org.jetbrains.kotlin.cli.common.CLICompiler.execImpl(CLICompiler.kt:104)
	at org.jetbrains.kotlin.cli.common.CLICompiler.execImpl(CLICompiler.kt:48)
	at org.jetbrains.kotlin.cli.common.CLITool.exec(CLITool.kt:101)
	at org.jetbrains.kotlin.incremental.IncrementalJvmCompilerRunner.runCompiler(IncrementalJvmCompilerRunner.kt:453)
	at org.jetbrains.kotlin.incremental.IncrementalJvmCompilerRunner.runCompiler(IncrementalJvmCompilerRunner.kt:62)
	at org.jetbrains.kotlin.incremental.IncrementalCompilerRunner.doCompile(IncrementalCompilerRunner.kt:506)
	at org.jetbrains.kotlin.incremental.IncrementalCompilerRunner.compileImpl(IncrementalCompilerRunner.kt:423)
	at org.jetbrains.kotlin.incremental.IncrementalCompilerRunner.compileNonIncrementally(IncrementalCompilerRunner.kt:301)
	at org.jetbrains.kotlin.incremental.IncrementalCompilerRunner.compile(IncrementalCompilerRunner.kt:129)
	at org.jetbrains.kotlin.daemon.CompileServiceImplBase.execIncrementalCompiler(CompileServiceImpl.kt:676)
	at org.jetbrains.kotlin.daemon.CompileServiceImplBase.access$execIncrementalCompiler(CompileServiceImpl.kt:92)
	at org.jetbrains.kotlin.daemon.CompileServiceImpl.compile(CompileServiceImpl.kt:1661)
	at java.base/jdk.internal.reflect.NativeMethodAccessorImpl.invoke0(Native Method)
	at java.base/jdk.internal.reflect.NativeMethodAccessorImpl.invoke(NativeMethodAccessorImpl.java:77)
	at java.base/jdk.internal.reflect.DelegatingMethodAccessorImpl.invoke(DelegatingMethodAccessorImpl.java:43)
	at java.base/java.lang.reflect.Method.invoke(Method.java:569)
	at java.rmi/sun.rmi.server.UnicastServerRef.dispatch(UnicastServerRef.java:360)
	at java.rmi/sun.rmi.transport.Transport$1.run(Transport.java:200)
	at java.rmi/sun.rmi.transport.Transport$1.run(Transport.java:197)
	at java.base/java.security.AccessController.doPrivileged(AccessController.java:712)
	at java.rmi/sun.rmi.transport.Transport.serviceCall(Transport.java:196)
	at java.rmi/sun.rmi.transport.tcp.TCPTransport.handleMessages(TCPTransport.java:587)
	at java.rmi/sun.rmi.transport.tcp.TCPTransport$ConnectionHandler.run0(TCPTransport.java:828)
	at java.rmi/sun.rmi.transport.tcp.TCPTransport$ConnectionHandler.lambda$run$0(TCPTransport.java:705)
	at java.base/java.security.AccessController.doPrivileged(AccessController.java:399)
	at java.rmi/sun.rmi.transport.tcp.TCPTransport$ConnectionHandler.run(TCPTransport.java:704)
	at java.base/java.util.concurrent.ThreadPoolExecutor.runWorker(ThreadPoolExecutor.java:1136)
	at java.base/java.util.concurrent.ThreadPoolExecutor$Worker.run(ThreadPoolExecutor.java:635)
	at java.base/java.lang.Thread.run(Thread.java:840)
Caused by: java.lang.ExceptionInInitializerError: Exception java.lang.NoClassDefFoundError: org/jetbrains/kotlin/resolve/lazy/AbsentDescriptorHandler [in thread "RMI TCP Connection(2)-127.0.0.1"]
	at org.jetbrains.kotlin.resolve.PlatformConfiguratorBaseKt.<clinit>(PlatformConfiguratorBase.kt:106)
	at org.jetbrains.kotlin.resolve.PlatformConfiguratorBase.platformSpecificContainer$lambda$0(PlatformConfiguratorBase.kt:139)
	at org.jetbrains.kotlin.container.DslKt.composeContainer(Dsl.kt:23)
	at org.jetbrains.kotlin.container.DslKt.composeContainer$default(Dsl.kt:21)
	at org.jetbrains.kotlin.resolve.PlatformConfiguratorBase.<init>(PlatformConfiguratorBase.kt:138)
	at org.jetbrains.kotlin.resolve.PlatformConfiguratorBase.<init>(PlatformConfiguratorBase.kt:121)
	at org.jetbrains.kotlin.analyzer.common.CommonPlatformConfigurator.<init>(CommonPlatform.kt:14)
	at org.jetbrains.kotlin.analyzer.common.CommonPlatformConfigurator.<clinit>(CommonPlatform.kt)
	at org.jetbrains.kotlin.analyzer.common.CommonPlatformAnalyzerServices.<clinit>(CommonPlatform.kt:21)
	... 38 more


